[debug] [2020-06-08T01:56:46.066Z] ----------------------------------------------------------------------
[debug] [2020-06-08T01:56:46.068Z] Command:       /usr/local/bin/node /usr/local/bin/firebase serve --host 192.168.1.30 --port 3400
[debug] [2020-06-08T01:56:46.068Z] CLI Version:   8.2.0
[debug] [2020-06-08T01:56:46.068Z] Platform:      darwin
[debug] [2020-06-08T01:56:46.068Z] Node Version:  v12.13.1
[debug] [2020-06-08T01:56:46.069Z] Time:          Sun Jun 07 2020 21:56:46 GMT-0400 (Eastern Daylight Time)
[debug] [2020-06-08T01:56:46.069Z] ----------------------------------------------------------------------
[debug] [2020-06-08T01:56:46.069Z] 
[debug] [2020-06-08T01:56:46.078Z] > command requires scopes: ["email","openid","https://www.googleapis.com/auth/cloudplatformprojects.readonly","https://www.googleapis.com/auth/firebase","https://www.googleapis.com/auth/cloud-platform"]
[debug] [2020-06-08T01:56:46.078Z] > authorizing via signed-in user
[debug] [2020-06-08T01:56:46.078Z] [iam] checking project circle-innovation for permissions ["firebase.projects.get"]
[debug] [2020-06-08T01:56:46.081Z] >>> HTTP REQUEST POST https://cloudresourcemanager.googleapis.com/v1/projects/circle-innovation:testIamPermissions  
 {"permissions":["firebase.projects.get"]}
[debug] [2020-06-08T01:56:46.421Z] <<< HTTP RESPONSE 200 {"content-type":"application/json; charset=UTF-8","vary":"X-Origin, Referer, Origin,Accept-Encoding","date":"Mon, 08 Jun 2020 01:56:46 GMT","server":"ESF","cache-control":"private","x-xss-protection":"0","x-frame-options":"SAMEORIGIN","x-content-type-options":"nosniff","server-timing":"gfet4t7; dur=219","alt-svc":"h3-27=\":443\"; ma=2592000,h3-25=\":443\"; ma=2592000,h3-T050=\":443\"; ma=2592000,h3-Q050=\":443\"; ma=2592000,h3-Q049=\":443\"; ma=2592000,h3-Q048=\":443\"; ma=2592000,h3-Q046=\":443\"; ma=2592000,h3-Q043=\":443\"; ma=2592000,quic=\":443\"; ma=2592000; v=\"46,43\"","accept-ranges":"none","transfer-encoding":"chunked"}
[debug] [2020-06-08T01:56:46.422Z] >>> HTTP REQUEST GET https://firebase.googleapis.com/v1beta1/projects/circle-innovation  
 
[debug] [2020-06-08T01:56:46.544Z] <<< HTTP RESPONSE 200 {"content-type":"application/json; charset=UTF-8","vary":"X-Origin, Referer, Origin,Accept-Encoding","date":"Mon, 08 Jun 2020 01:56:46 GMT","server":"ESF","cache-control":"private","x-xss-protection":"0","x-frame-options":"SAMEORIGIN","x-content-type-options":"nosniff","alt-svc":"h3-27=\":443\"; ma=2592000,h3-25=\":443\"; ma=2592000,h3-T050=\":443\"; ma=2592000,h3-Q050=\":443\"; ma=2592000,h3-Q049=\":443\"; ma=2592000,h3-Q048=\":443\"; ma=2592000,h3-Q046=\":443\"; ma=2592000,h3-Q043=\":443\"; ma=2592000,quic=\":443\"; ma=2592000; v=\"46,43\"","accept-ranges":"none","transfer-encoding":"chunked"}
[info] 
[info] === Serving from '/Users/maitray/Documents/_Projects/Sites/Circle/circle'...
[info] 
[debug] [2020-06-08T01:56:46.546Z] >>> HTTP REQUEST GET https://firebase.googleapis.com/v1beta1/projects/circle-innovation/webApps/-/config  
 
[debug] [2020-06-08T01:56:46.791Z] <<< HTTP RESPONSE 200 {"content-type":"application/json; charset=UTF-8","vary":"X-Origin, Referer, Origin,Accept-Encoding","date":"Mon, 08 Jun 2020 01:56:46 GMT","server":"ESF","cache-control":"private","x-xss-protection":"0","x-frame-options":"SAMEORIGIN","x-content-type-options":"nosniff","alt-svc":"h3-27=\":443\"; ma=2592000,h3-25=\":443\"; ma=2592000,h3-T050=\":443\"; ma=2592000,h3-Q050=\":443\"; ma=2592000,h3-Q049=\":443\"; ma=2592000,h3-Q048=\":443\"; ma=2592000,h3-Q046=\":443\"; ma=2592000,h3-Q043=\":443\"; ma=2592000,quic=\":443\"; ma=2592000; v=\"46,43\"","accept-ranges":"none","transfer-encoding":"chunked"}
[info] i  hosting: Serving hosting files from: client
[info] ✔  hosting: Local server: http://192.168.1.30:3400
